\BOOKMARK [1][-]{section.1}{\376\377\000I\000n\000t\000r\000o\000d\000u\000c\000c\000i\000\363\000n\000\040\000g\000e\000n\000e\000r\000a\000l}{}% 1
\BOOKMARK [2][-]{subsection.1.1}{\376\377\000A\000n\000\341\000l\000i\000s\000i\000s\000\040\000d\000e\000\040\000n\000e\000c\000e\000s\000i\000d\000a\000d\000\040\000y\000\040\000o\000b\000j\000e\000t\000i\000v\000o\000s}{section.1}% 2
\BOOKMARK [2][-]{subsection.1.2}{\376\377\000M\000\363\000d\000u\000l\000o\000s\000\040\000e\000\040\000I\000n\000t\000e\000r\000f\000a\000c\000e\000s}{section.1}% 3
\BOOKMARK [1][-]{section.2}{\376\377\000I\000n\000t\000r\000o\000d\000u\000c\000c\000i\000\363\000n\000\040\000e\000s\000p\000e\000c\000\355\000f\000i\000c\000a}{}% 4
\BOOKMARK [2][-]{subsection.2.1}{\376\377\000R\000e\000q\000u\000i\000s\000i\000t\000o\000s}{section.2}% 5
\BOOKMARK [2][-]{subsection.2.2}{\376\377\000C\000a\000s\000o\000s\000\040\000d\000e\000\040\000u\000s\000o}{section.2}% 6
\BOOKMARK [2][-]{subsection.2.3}{\376\377\000D\000e\000s\000c\000r\000i\000p\000c\000i\000\363\000n\000\040\000d\000e\000\040\000l\000o\000s\000\040\000M\000\363\000d\000u\000l\000o\000s\000\040\000d\000e\000l\000\040\000s\000i\000s\000t\000e\000m\000a}{section.2}% 7
\BOOKMARK [3][-]{subsubsection.2.3.1}{\376\377\000A\000l\000i\000m\000e\000n\000t\000a\000c\000i\000\363\000n}{subsection.2.3}% 8
\BOOKMARK [3][-]{subsubsection.2.3.2}{\376\377\000M\000i\000c\000r\000o\000c\000o\000n\000t\000r\000o\000l\000a\000d\000o\000r}{subsection.2.3}% 9
\BOOKMARK [3][-]{subsubsection.2.3.3}{\376\377\000M\000o\000t\000o\000r}{subsection.2.3}% 10
\BOOKMARK [3][-]{subsubsection.2.3.4}{\376\377\000L\000e\000c\000t\000o\000r\000\040\000R\000F\000I\000D}{subsection.2.3}% 11
\BOOKMARK [3][-]{subsubsection.2.3.5}{\376\377\000T\000e\000c\000l\000a\000d\000o\000\040\000M\000a\000t\000r\000i\000c\000i\000a\000l}{subsection.2.3}% 12
\BOOKMARK [3][-]{subsubsection.2.3.6}{\376\377\000S\000e\000n\000s\000o\000r\000\040\000M\000a\000g\000n\000\351\000t\000i\000c\000o}{subsection.2.3}% 13
\BOOKMARK [3][-]{subsubsection.2.3.7}{\376\377\000P\000a\000r\000l\000a\000n\000t\000e}{subsection.2.3}% 14
\BOOKMARK [3][-]{subsubsection.2.3.8}{\376\377\000C\000o\000m\000u\000n\000i\000c\000a\000c\000i\000\363\000n\000\040\000W\000i\000-\000F\000i}{subsection.2.3}% 15
\BOOKMARK [1][-]{section.3}{\376\377\000D\000i\000s\000e\000\361\000o\000\040\000e\000\040\000I\000m\000p\000l\000e\000m\000e\000n\000t\000a\000c\000i\000\363\000n}{}% 16
\BOOKMARK [2][-]{subsection.3.1}{\376\377\000D\000i\000s\000e\000\361\000o\000\040\000d\000e\000l\000\040\000H\000a\000r\000d\000w\000a\000r\000e}{section.3}% 17
\BOOKMARK [3][-]{subsubsection.3.1.1}{\376\377\000D\000i\000s\000e\000\361\000o\000\040\000d\000e\000\040\000l\000a\000\040\000a\000l\000i\000m\000e\000n\000t\000a\000c\000i\000\363\000n}{subsection.3.1}% 18
\BOOKMARK [3][-]{subsubsection.3.1.2}{\376\377\000D\000i\000s\000e\000\361\000o\000\040\000d\000e\000\040\000l\000o\000s\000\040\000i\000n\000d\000i\000c\000a\000d\000o\000r\000e\000s\000\040\000e\000\040\000i\000n\000t\000e\000r\000r\000u\000p\000t\000o\000r\000e\000s}{subsection.3.1}% 19
\BOOKMARK [3][-]{subsubsection.3.1.3}{\376\377\000D\000i\000s\000e\000\361\000o\000\040\000d\000e\000l\000\040\000l\000e\000c\000t\000o\000r\000\040\000R\000F\000I\000D}{subsection.3.1}% 20
\BOOKMARK [3][-]{subsubsection.3.1.4}{\376\377\000D\000i\000s\000e\000\361\000o\000\040\000d\000e\000l\000\040\000c\000i\000r\000c\000u\000i\000t\000o\000\040\000p\000a\000r\000a\000\040\000c\000o\000n\000t\000r\000o\000l\000a\000r\000\040\000e\000l\000\040\000p\000a\000r\000l\000a\000n\000t\000e}{subsection.3.1}% 21
\BOOKMARK [3][-]{subsubsection.3.1.5}{\376\377\000D\000i\000s\000e\000\361\000o\000\040\000d\000e\000l\000\040\000c\000i\000r\000c\000u\000i\000t\000o\000\040\000p\000a\000r\000a\000\040\000c\000o\000n\000t\000r\000o\000l\000a\000r\000\040\000e\000l\000\040\000m\000o\000t\000o\000r}{subsection.3.1}% 22
\BOOKMARK [3][-]{subsubsection.3.1.6}{\376\377\000D\000i\000s\000e\000\361\000o\000\040\000d\000e\000l\000\040\000c\000i\000r\000c\000u\000i\000t\000o\000\040\000p\000a\000r\000a\000\040\000c\000o\000n\000t\000r\000o\000l\000a\000r\000\040\000e\000l\000\040\000t\000e\000c\000l\000a\000d\000o\000\040\000m\000a\000t\000r\000i\000c\000i\000a\000l}{subsection.3.1}% 23
\BOOKMARK [3][-]{subsubsection.3.1.7}{\376\377\000D\000i\000s\000e\000\361\000o\000\040\000d\000e\000l\000\040\000c\000i\000r\000c\000u\000i\000t\000o\000\040\000p\000a\000r\000a\000\040\000c\000o\000n\000t\000r\000o\000l\000a\000r\000\040\000e\000l\000\040\000M\000\363\000d\000u\000l\000o\000\040\000W\000i\000-\000F\000i}{subsection.3.1}% 24
\BOOKMARK [3][-]{subsubsection.3.1.8}{\376\377\000D\000i\000s\000e\000\361\000o\000\040\000d\000e\000l\000\040\000h\000a\000r\000d\000w\000a\000r\000e\000\040\000c\000o\000n\000\040\000l\000a\000\040\000p\000l\000a\000c\000a\000\040\000N\000U\000C\000L\000E\000O\000-\000F\0004\0002\0009\000Z\000I}{subsection.3.1}% 25
\BOOKMARK [2][-]{subsection.3.2}{\376\377\000F\000i\000r\000m\000w\000a\000r\000e\000\040\000d\000e\000l\000\040\000S\000m\000a\000r\000t\000l\000o\000c\000k}{section.3}% 26
\BOOKMARK [3][-]{subsubsection.3.2.1}{\376\377\000M\000\363\000d\000u\000l\000o\000\040\000A\000c\000c\000e\000s\000s\000\040\000K\000e\000y\000s}{subsection.3.2}% 27
\BOOKMARK [3][-]{subsubsection.3.2.2}{\376\377\000M\000\363\000d\000u\000l\000o\000\040\000K\000e\000y\000p\000a\000d}{subsection.3.2}% 28
\BOOKMARK [3][-]{subsubsection.3.2.3}{\376\377\000M\000\363\000d\000u\000l\000o\000\040\000M\000o\000t\000o\000r\000s}{subsection.3.2}% 29
\BOOKMARK [3][-]{subsubsection.3.2.4}{\376\377\000M\000\363\000d\000u\000l\000o\000\040\000M\000Q\000T\000T}{subsection.3.2}% 30
\BOOKMARK [3][-]{subsubsection.3.2.5}{\376\377\000M\000\363\000d\000u\000l\000o\000\040\000R\000F\000I\000D}{subsection.3.2}% 31
\BOOKMARK [3][-]{subsubsection.3.2.6}{\376\377\000M\000\363\000d\000u\000l\000o\000\040\000S\000p\000e\000a\000k\000e\000r}{subsection.3.2}% 32
\BOOKMARK [3][-]{subsubsection.3.2.7}{\376\377\000M\000\363\000d\000u\000l\000o\000\040\000S\000y\000s\000t\000e\000m}{subsection.3.2}% 33
\BOOKMARK [3][-]{subsubsection.3.2.8}{\376\377\000M\000\363\000d\000u\000l\000o\000\040\000U\000A\000R\000T\000\040\000C\000o\000m\000m\000u\000n\000i\000c\000a\000t\000i\000o\000n\000s}{subsection.3.2}% 34
\BOOKMARK [2][-]{subsection.3.3}{\376\377\000F\000i\000r\000m\000w\000a\000r\000e\000\040\000d\000e\000l\000\040\000E\000S\000P\0003\0002\000\040\000D\000E\000V\000K\000I\000T\000\040\000V\0001}{section.3}% 35
\BOOKMARK [2][-]{subsection.3.4}{\376\377\000M\000o\000s\000q\000u\000i\000t\000t\000o\000\040\000b\000r\000o\000k\000e\000r}{section.3}% 36
\BOOKMARK [2][-]{subsection.3.5}{\376\377\000D\000i\000s\000e\000\361\000o\000\040\000d\000e\000\040\000l\000a\000\040\000a\000p\000l\000i\000c\000a\000c\000i\000\363\000n\000\040\000y\000\040\000m\000a\000n\000e\000j\000o\000\040\000d\000e\000\040\000p\000a\000q\000u\000e\000t\000e\000s}{section.3}% 37
\BOOKMARK [1][-]{section.4}{\376\377\000E\000n\000s\000a\000y\000o\000s\000\040\000y\000\040\000R\000e\000s\000u\000l\000t\000a\000d\000o\000s}{}% 38
\BOOKMARK [2][-]{subsection.4.1}{\376\377\000P\000r\000u\000e\000b\000a\000s\000\040\000f\000u\000n\000c\000i\000o\000n\000a\000l\000e\000s\000\040\000d\000e\000\040\000f\000u\000n\000c\000i\000o\000n\000a\000m\000i\000e\000n\000t\000o}{section.4}% 39
\BOOKMARK [2][-]{subsection.4.2}{\376\377\000C\000u\000m\000p\000l\000i\000m\000i\000e\000n\000t\000o\000\040\000d\000e\000\040\000r\000e\000q\000u\000i\000s\000i\000t\000o\000s}{section.4}% 40
\BOOKMARK [2][-]{subsection.4.3}{\376\377\000C\000o\000m\000p\000a\000r\000a\000c\000i\000\363\000n\000\040\000c\000o\000n\000\040\000o\000t\000r\000o\000s\000\040\000s\000i\000s\000t\000e\000m\000a\000s\000\040\000s\000i\000m\000i\000l\000a\000r\000e\000s}{section.4}% 41
\BOOKMARK [2][-]{subsection.4.4}{\376\377\000D\000o\000c\000u\000m\000e\000n\000t\000a\000c\000i\000\363\000n\000\040\000d\000e\000l\000\040\000d\000e\000s\000a\000r\000r\000o\000l\000l\000o\000\040\000r\000e\000a\000l\000i\000z\000a\000d\000o}{section.4}% 42
\BOOKMARK [1][-]{section.5}{\376\377\000C\000o\000n\000c\000l\000u\000s\000i\000o\000n\000e\000s}{}% 43
\BOOKMARK [2][-]{subsection.5.1}{\376\377\000R\000e\000s\000u\000l\000t\000a\000d\000o\000s\000\040\000o\000b\000t\000e\000n\000i\000d\000o\000s}{section.5}% 44
\BOOKMARK [2][-]{subsection.5.2}{\376\377\000P\000r\000\363\000x\000i\000m\000o\000s\000\040\000p\000a\000s\000o\000s}{section.5}% 45
